<?xml version="1.0" encoding="UTF-8"?>
<testng-results skipped="0" failed="0" total="1" passed="1">
  <reporter-output>
  </reporter-output>
  <suite name="Default suite" duration-ms="16419" started-at="2020-06-18T11:57:53Z" finished-at="2020-06-18T11:58:09Z">
    <groups>
    </groups>
    <test name="Default test" duration-ms="16419" started-at="2020-06-18T11:57:53Z" finished-at="2020-06-18T11:58:09Z">
      <class name="com.volunteering.testing.regression.CreateOpportunityTest">
        <test-method status="PASS" signature="browser()[pri:0, instance:com.volunteering.testing.regression.CreateOpportunityTest@6093dd95]" name="browser" is-config="true" duration-ms="19985" started-at="2020-06-18T17:27:33Z" finished-at="2020-06-18T17:27:53Z">
          <reporter-output>
          </reporter-output>
        </test-method> <!-- browser -->
        <test-method status="PASS" signature="setExtent()[pri:0, instance:com.volunteering.testing.regression.CreateOpportunityTest@6093dd95]" name="setExtent" is-config="true" duration-ms="750" started-at="2020-06-18T17:27:53Z" finished-at="2020-06-18T17:27:54Z">
          <reporter-output>
          </reporter-output>
        </test-method> <!-- setExtent -->
        <test-method status="PASS" signature="testInitiator()[pri:0, instance:com.volunteering.testing.regression.CreateOpportunityTest@6093dd95]" name="testInitiator" is-config="true" duration-ms="20" started-at="2020-06-18T17:27:54Z" finished-at="2020-06-18T17:27:54Z">
          <reporter-output>
          </reporter-output>
        </test-method> <!-- testInitiator -->
        <test-method status="PASS" signature="Step01_signInAsVolunteerAndSelectOpportunityCreatorRole()[pri:0, instance:com.volunteering.testing.regression.CreateOpportunityTest@6093dd95]" name="Step01_signInAsVolunteerAndSelectOpportunityCreatorRole" duration-ms="15578" started-at="2020-06-18T17:27:54Z" finished-at="2020-06-18T17:28:09Z">
          <reporter-output>
          </reporter-output>
        </test-method> <!-- Step01_signInAsVolunteerAndSelectOpportunityCreatorRole -->
        <test-method status="FAIL" signature="tearDown(org.testng.ITestResult)[pri:0, instance:com.volunteering.testing.regression.CreateOpportunityTest@6093dd95]" name="tearDown" is-config="true" duration-ms="0" started-at="2020-06-18T17:28:09Z" finished-at="2020-06-18T17:28:09Z">
          <params>
            <param index="0">
              <value>
                <![CDATA[[TestResult name=Step01_signInAsVolunteerAndSelectOpportunityCreatorRole status=SUCCESS method=CreateOpportunityTest.Step01_signInAsVolunteerAndSelectOpportunityCreatorRole()[pri:0, instance:com.volunteering.testing.regression.CreateOpportunityTest@6093dd95] output={null}]]]>
              </value>
            </param>
          </params>
          <exception class="java.lang.NullPointerException">
            <full-stacktrace>
              <![CDATA[java.lang.NullPointerException
	at com.volunteering.testing.regression.CreateOpportunityTest.getScreenshotforExtent(CreateOpportunityTest.java:67)
	at com.volunteering.testing.regression.CreateOpportunityTest.tearDown(CreateOpportunityTest.java:102)
	at sun.reflect.NativeMethodAccessorImpl.invoke0(Native Method)
	at sun.reflect.NativeMethodAccessorImpl.invoke(NativeMethodAccessorImpl.java:62)
	at sun.reflect.DelegatingMethodAccessorImpl.invoke(DelegatingMethodAccessorImpl.java:43)
	at java.lang.reflect.Method.invoke(Method.java:498)
	at org.testng.internal.MethodInvocationHelper.invokeMethod(MethodInvocationHelper.java:80)
	at org.testng.internal.Invoker.invokeConfigurationMethod(Invoker.java:564)
	at org.testng.internal.Invoker.invokeConfigurations(Invoker.java:213)
	at org.testng.internal.Invoker.invokeMethod(Invoker.java:786)
	at org.testng.internal.Invoker.invokeTestMethod(Invoker.java:901)
	at org.testng.internal.Invoker.invokeTestMethods(Invoker.java:1231)
	at org.testng.internal.TestMethodWorker.invokeTestMethods(TestMethodWorker.java:127)
	at org.testng.internal.TestMethodWorker.run(TestMethodWorker.java:111)
	at org.testng.TestRunner.privateRun(TestRunner.java:767)
	at org.testng.TestRunner.run(TestRunner.java:617)
	at org.testng.SuiteRunner.runTest(SuiteRunner.java:334)
	at org.testng.SuiteRunner.runSequentially(SuiteRunner.java:329)
	at org.testng.SuiteRunner.privateRun(SuiteRunner.java:291)
	at org.testng.SuiteRunner.run(SuiteRunner.java:240)
	at org.testng.SuiteRunnerWorker.runSuite(SuiteRunnerWorker.java:52)
	at org.testng.SuiteRunnerWorker.run(SuiteRunnerWorker.java:86)
	at org.testng.TestNG.runSuitesSequentially(TestNG.java:1198)
	at org.testng.TestNG.runSuitesLocally(TestNG.java:1123)
	at org.testng.TestNG.run(TestNG.java:1031)
	at org.testng.remote.AbstractRemoteTestNG.run(AbstractRemoteTestNG.java:114)
	at org.testng.remote.RemoteTestNG.initAndRun(RemoteTestNG.java:251)
	at org.testng.remote.RemoteTestNG.main(RemoteTestNG.java:77)
]]>
            </full-stacktrace>
          </exception> <!-- java.lang.NullPointerException -->
          <reporter-output>
          </reporter-output>
        </test-method> <!-- tearDown -->
        <test-method status="SKIP" signature="endReport()[pri:0, instance:com.volunteering.testing.regression.CreateOpportunityTest@6093dd95]" name="endReport" is-config="true" duration-ms="0" started-at="2020-06-18T17:28:09Z" finished-at="2020-06-18T17:28:09Z">
          <reporter-output>
          </reporter-output>
        </test-method> <!-- endReport -->
      </class> <!-- com.volunteering.testing.regression.CreateOpportunityTest -->
    </test> <!-- Default test -->
  </suite> <!-- Default suite -->
</testng-results>
